Arguments: 
  /Users/xyctruth/.nvm/versions/node/v16.0.0/bin/node /Users/xyctruth/.nvm/versions/node/v16.0.0/lib/node_modules/yarn/bin/yarn.js install

PATH: 
  /Users/xyctruth/bin:/Users/xyctruth/.g/go/bin:/usr/local/opt/mysql-client/bin:/Users/xyctruth/.g/go/bin:/usr/local/kubebuilder/bin:/Users/xyctruth/.nvm/versions/node/v16.0.0/bin:/Library/Frameworks/Python.framework/Versions/3.7/bin:/usr/local/bin:/usr/bin:/bin:/usr/sbin:/sbin:/usr/local/go/bin:/usr/local/share/dotnet:~/.dotnet/tools:/Library/Apple/usr/bin:/Library/Frameworks/Mono.framework/Versions/Current/Commands:/Applications/Xamarin Workbooks.app/Contents/SharedSupport/path-bin:/Users/xyctruth/.krew/bin:/Users/xyctruth/flutter/flutter/bin:/Users/xyctruth/go/src/gitlab.jia-huang.com/ops/k8s-deploy/istio-1.10.2/bin:/Users/xyctruth/Work/Software/maven/apache-maven-3.5.4/bin:/Users/xyctruth/go/bin:/Users/xyctruth/Work/Software/maven/apache-maven-3.5.4/bin:/Users/xyctruth/go/bin:/Users/xyctruth/.fzf/bin

Yarn version: 
  1.22.17

Node version: 
  16.0.0

Platform: 
  darwin x64

Trace: 
  SyntaxError: /Users/xyctruth/go/src/github.com/xyctruth/profiler/ui/package.json: Unexpected token } in JSON at position 553
      at JSON.parse (<anonymous>)
      at /Users/xyctruth/.nvm/versions/node/v16.0.0/lib/node_modules/yarn/lib/cli.js:1625:59
      at Generator.next (<anonymous>)
      at step (/Users/xyctruth/.nvm/versions/node/v16.0.0/lib/node_modules/yarn/lib/cli.js:310:30)
      at /Users/xyctruth/.nvm/versions/node/v16.0.0/lib/node_modules/yarn/lib/cli.js:321:13

npm manifest: 
  {
    "name": "profiler-ui",
    "version": "0.0.0",
    "scripts": {
      "dev": "vite",
      "start": "npm run dev --base_api_url=https://api.profiling.jia-huang.com",
      "build": "vite build",
      "preview": "vite preview"
    },
    "dependencies": {
      "axios": "^0.25.0",
      "chart.js": "^3.6.2",
      "chartjs-plugin-autocolors": "0.0.4",
      "echarts": "^5.2.2",
      "element-plus": "^1.2.0-beta.5",
      "moment": "^2.29.1",
      "vue": "^3.2.23",
      "vue-router": "^4.0.12",
      "vuex": "^4.0.2",
      "vuex-persist": "^3.1.3",
      "nanoid": "^3.1.31",
    },
    "devDependencies": {
      "@vitejs/plugin-vue": "^1.10.2",
      "child_process": "^1.0.2",
      "sass": "^1.44.0",
      "vite": "^2.7.0"
    }
  }

yarn manifest: 
  No manifest

Lockfile: 
  # THIS IS AN AUTOGENERATED FILE. DO NOT EDIT THIS FILE DIRECTLY.
  # yarn lockfile v1
  
  
  "@babel/parser@^7.15.0":
    "integrity" "sha512-6V0qdPUaiVHH3RtZeLIsc+6pDhbYzHR8ogA8w+f+Wc77DuXto19g2QUwveINoS34Uw+W8/hQDGJCx+i4n7xcng=="
    "resolved" "https://registry.npmmirror.com/@babel/parser/download/@babel/parser-7.16.4.tgz?cache=0&sync_timestamp=1637102910055&other_urls=https%3A%2F%2Fregistry.npmmirror.com%2F%40babel%2Fparser%2Fdownload%2F%40babel%2Fparser-7.16.4.tgz"
    "version" "7.16.4"
  
  "@element-plus/icons@^0.0.11":
    "integrity" "sha1-mxh8ACd0VIuRGFDRf6X8L5pRX1c="
    "resolved" "https://registry.npmmirror.com/@element-plus/icons/download/@element-plus/icons-0.0.11.tgz"
    "version" "0.0.11"
  
  "@popperjs/core@^2.10.2":
    "integrity" "sha512-zrsUxjLOKAzdewIDRWy9nsV1GQsKBCWaGwsZQlCgr6/q+vjyZhFgqedLfFBuI9anTPEUT4APq9Mu0SZBTzIcGQ=="
    "resolved" "https://registry.npmmirror.com/@popperjs/core/download/@popperjs/core-2.11.0.tgz"
    "version" "2.11.0"
  
  "@vitejs/plugin-vue@^1.10.2":
    "integrity" "sha512-/QJ0Z9qfhAFtKRY+r57ziY4BSbGUTGsPRMpB/Ron3QPwBZM4OZAZHdTa4a8PafCwU5DTatXG8TMDoP8z+oDqJw=="
    "resolved" "https://registry.npmmirror.com/@vitejs/plugin-vue/download/@vitejs/plugin-vue-1.10.2.tgz"
    "version" "1.10.2"
  
  "@vue/compiler-core@3.2.24":
    "integrity" "sha512-A0SxB2HAggKzP57LDin5gfgWOTwFyGCtQ5MTMNBADnfQYALWnYuC8kMI0DhRSplGTWRvn9Z2DAnG8f35BnojuA=="
    "resolved" "https://registry.npmmirror.com/@vue/compiler-core/download/@vue/compiler-core-3.2.24.tgz"
    "version" "3.2.24"
    dependencies:
      "@babel/parser" "^7.15.0"
      "@vue/shared" "3.2.24"
      "estree-walker" "^2.0.2"
      "source-map" "^0.6.1"
  
  "@vue/compiler-dom@3.2.24":
    "integrity" "sha512-KQEm8r0JFsrNNIfbD28pcwMvHpcJcwjVR1XWFcD0yyQ8eREd7IXhT7J6j7iNCSE/TIo78NOvkwbyX+lnIm836w=="
    "resolved" "https://registry.npmmirror.com/@vue/compiler-dom/download/@vue/compiler-dom-3.2.24.tgz"
    "version" "3.2.24"
    dependencies:
      "@vue/compiler-core" "3.2.24"
      "@vue/shared" "3.2.24"
  
  "@vue/compiler-sfc@3.2.24":
    "integrity" "sha512-YGPcIvVJp2qTPkuT6kT43Eo1xjstyY4bmuiSV31my4bQMBFVR26ANmifUSt759Blok71gK0WzfIZHbcOKYOeKA=="
    "resolved" "https://registry.npmmirror.com/@vue/compiler-sfc/download/@vue/compiler-sfc-3.2.24.tgz"
    "version" "3.2.24"
    dependencies:
      "@babel/parser" "^7.15.0"
      "@vue/compiler-core" "3.2.24"
      "@vue/compiler-dom" "3.2.24"
      "@vue/compiler-ssr" "3.2.24"
      "@vue/ref-transform" "3.2.24"
      "@vue/shared" "3.2.24"
      "estree-walker" "^2.0.2"
      "magic-string" "^0.25.7"
      "postcss" "^8.1.10"
      "source-map" "^0.6.1"
  
  "@vue/compiler-ssr@3.2.24":
    "integrity" "sha512-E1HHShNsGVWXxs68LDOUuI+Bzak9W/Ier/366aKDBFuwvfwgruwq6abhMfj6pSDZpwZ/PXnfliyl/m7qBSq6gw=="
    "resolved" "https://registry.npmmirror.com/@vue/compiler-ssr/download/@vue/compiler-ssr-3.2.24.tgz"
    "version" "3.2.24"
    dependencies:
      "@vue/compiler-dom" "3.2.24"
      "@vue/shared" "3.2.24"
  
  "@vue/devtools-api@^6.0.0-beta.11", "@vue/devtools-api@^6.0.0-beta.18":
    "integrity" "sha512-R2rfiRY+kZugzWh9ZyITaovx+jpU4vgivAEAiz80kvh3yviiTU3CBuGuyWpSwGz9/C7TkSWVM/FtQRGlZ16n8Q=="
    "resolved" "https://registry.npmmirror.com/@vue/devtools-api/download/@vue/devtools-api-6.0.0-beta.20.1.tgz"
    "version" "6.0.0-beta.20.1"
  
  "@vue/reactivity@3.2.24":
    "integrity" "sha512-5eVsO9wfQ5erCMSRBjpqLkkI+LglJS7E0oLZJs2gsChpvOjH2Uwt3Hk1nVv0ywStnWg71Ykn3SyQwtnl7PknOQ=="
    "resolved" "https://registry.npmmirror.com/@vue/reactivity/download/@vue/reactivity-3.2.24.tgz"
    "version" "3.2.24"
    dependencies:
      "@vue/shared" "3.2.24"
  
  "@vue/ref-transform@3.2.24":
    "integrity" "sha512-j6oNbsGLvea2rF8GQB9w6q7UFL1So7J+t6ducaMeWPSyjYZ+slWpwPVK6mmyghg5oGqC41R+HC5BV036Y0KhXQ=="
    "resolved" "https://registry.npmmirror.com/@vue/ref-transform/download/@vue/ref-transform-3.2.24.tgz"
    "version" "3.2.24"
    dependencies:
      "@babel/parser" "^7.15.0"
      "@vue/compiler-core" "3.2.24"
      "@vue/shared" "3.2.24"
      "estree-walker" "^2.0.2"
      "magic-string" "^0.25.7"
  
  "@vue/runtime-core@3.2.24":
    "integrity" "sha512-ReI06vGgYuW0G8FlOcAOzMklVDJSxKuRhYzT8j+a8BTfs1945kxo1Th28BPvasyYx8J+LMeZ0HqpPH9yGXvWvg=="
    "resolved" "https://registry.npmmirror.com/@vue/runtime-core/download/@vue/runtime-core-3.2.24.tgz"
    "version" "3.2.24"
    dependencies:
      "@vue/reactivity" "3.2.24"
      "@vue/shared" "3.2.24"
  
  "@vue/runtime-dom@3.2.24":
    "integrity" "sha512-piqsabtIEUKkMGSJlOyKUonZEDtdwOpR6teQ8EKbH8PX9sxfAt9snLnFJldUhhyYrLIyDtnjwajfJ7/XtpD4JA=="
    "resolved" "https://registry.npmmirror.com/@vue/runtime-dom/download/@vue/runtime-dom-3.2.24.tgz"
    "version" "3.2.24"
    dependencies:
      "@vue/runtime-core" "3.2.24"
      "@vue/shared" "3.2.24"
      "csstype" "^2.6.8"
  
  "@vue/server-renderer@3.2.24":
    "integrity" "sha512-DqiCRDxTbv67Hw5ImiqnLIQbPGtIwWLLfEcVHoEnu1f21EMTB6LfoS69EQddd8VyfN5kfX3Fmz27/hrFPpRaMQ=="
    "resolved" "https://registry.npmmirror.com/@vue/server-renderer/download/@vue/server-renderer-3.2.24.tgz"
    "version" "3.2.24"
    dependencies:
      "@vue/compiler-ssr" "3.2.24"
      "@vue/shared" "3.2.24"
  
  "@vue/shared@3.2.24":
    "integrity" "sha512-BUgRiZCkCrqDps5aQ9av05xcge3rn092ztKIh17tHkeEFgP4zfXMQWBA2zfdoCdCEdBL26xtOv+FZYiOp9RUDA=="
    "resolved" "https://registry.npmmirror.com/@vue/shared/download/@vue/shared-3.2.24.tgz"
    "version" "3.2.24"
  
  "@vueuse/core@^7.0.0":
    "integrity" "sha512-SLoOPfhZdNRNUkZfx+wrHj6WycWdSw2RmNS8E4ngQ2kmBoJjRarGy51/GkGdjqHQqmhuwuFoNO2WaU0yBn3ffg=="
    "resolved" "https://registry.npmmirror.com/@vueuse/core/download/@vueuse/core-7.1.2.tgz"
    "version" "7.1.2"
    dependencies:
      "@vueuse/shared" "7.1.2"
      "vue-demi" "*"
  
  "@vueuse/shared@7.1.2":
    "integrity" "sha512-AjYh4y9S5FMOoHDsysqcXY/1mpqNTrnWUD50yaaiyf+5kGWQVIpAkkjKZlYSC/NHKxxCRn0cLR4nWMzceUWewQ=="
    "resolved" "https://registry.npmmirror.com/@vueuse/shared/download/@vueuse/shared-7.1.2.tgz"
    "version" "7.1.2"
    dependencies:
      "vue-demi" "*"
  
  "anymatch@~3.1.2":
    "integrity" "sha1-wFV8CWrzLxBhmPT04qODU343hxY="
    "resolved" "https://registry.nlark.com/anymatch/download/anymatch-3.1.2.tgz"
    "version" "3.1.2"
    dependencies:
      "normalize-path" "^3.0.0"
      "picomatch" "^2.0.4"
  
  "async-validator@^4.0.7":
    "integrity" "sha1-A0oP0hA6ay6/AQ2nUYO+wpkkev4="
    "resolved" "https://registry.npmmirror.com/async-validator/download/async-validator-4.0.7.tgz?cache=0&sync_timestamp=1634529574100&other_urls=https%3A%2F%2Fregistry.npmmirror.com%2Fasync-validator%2Fdownload%2Fasync-validator-4.0.7.tgz"
    "version" "4.0.7"
  
  "axios@^0.25.0":
    "integrity" "sha512-cD8FOb0tRH3uuEe6+evtAbgJtfxr7ly3fQjYcMcuPlgkwVS9xboaVIpcDV+cYQe+yGykgwZCs1pzjntcGa6l5g=="
    "resolved" "https://registry.npmjs.org/axios/-/axios-0.25.0.tgz"
    "version" "0.25.0"
    dependencies:
      "follow-redirects" "^1.14.7"
  
  "binary-extensions@^2.0.0":
    "integrity" "sha1-dfUC7q+f/eQvyYgpZFvk6na9ni0="
    "resolved" "https://registry.nlark.com/binary-extensions/download/binary-extensions-2.2.0.tgz"
    "version" "2.2.0"
  
  "braces@~3.0.2":
    "integrity" "sha1-NFThpGLujVmeI23zNs2epPiv4Qc="
    "resolved" "https://registry.npm.taobao.org/braces/download/braces-3.0.2.tgz"
    "version" "3.0.2"
    dependencies:
      "fill-range" "^7.0.1"
  
  "chart.js@^3.6.2":
    "integrity" "sha512-Xz7f/fgtVltfQYWq0zL1Xbv7N2inpG+B54p3D5FSvpCdy3sM+oZhbqa42eNuYXltaVvajgX5UpKCU2GeeJIgxg=="
    "resolved" "https://registry.npmmirror.com/chart.js/download/chart.js-3.6.2.tgz"
    "version" "3.6.2"
  
  "chartjs-plugin-autocolors@0.0.4":
    "integrity" "sha1-Nyqu3vKX6LcNFeHq2/9pyYSeKvw="
    "resolved" "https://registry.npmmirror.com/chartjs-plugin-autocolors/download/chartjs-plugin-autocolors-0.0.4.tgz"
    "version" "0.0.4"
  
  "child_process@^1.0.2":
    "integrity" "sha1-sffn/HPSXn/R1FWtyU4UODAYK1o="
    "resolved" "https://registry.npm.taobao.org/child_process/download/child_process-1.0.2.tgz"
    "version" "1.0.2"
  
  "chokidar@>=3.0.0 <4.0.0":
    "integrity" "sha1-26OXb8rbAW9m/TZQIdkWANAcHnU="
    "resolved" "https://registry.npmmirror.com/chokidar/download/chokidar-3.5.2.tgz"
    "version" "3.5.2"
    dependencies:
      "anymatch" "~3.1.2"
      "braces" "~3.0.2"
      "glob-parent" "~5.1.2"
      "is-binary-path" "~2.1.0"
      "is-glob" "~4.0.1"
      "normalize-path" "~3.0.0"
      "readdirp" "~3.6.0"
    optionalDependencies:
      "fsevents" "~2.3.2"
  
  "csstype@^2.6.8":
    "integrity" "sha512-ZVxXaNy28/k3kJg0Fou5MiYpp88j7H9hLZp8PDC3jV0WFjfH5E9xHb56L0W59cPbKbcHXeP4qyT8PrHp8t6LcQ=="
    "resolved" "https://registry.npmmirror.com/csstype/download/csstype-2.6.19.tgz"
    "version" "2.6.19"
  
  "dayjs@^1.10.7":
    "integrity" "sha1-LPX5Gt0oEWdIRAhmoKHSbzps5Gg="
    "resolved" "https://registry.nlark.com/dayjs/download/dayjs-1.10.7.tgz"
    "version" "1.10.7"
  
  "deepmerge@^4.2.2":
    "integrity" "sha1-RNLqNnm49NT/ujPwPYZfwee/SVU="
    "resolved" "https://registry.npm.taobao.org/deepmerge/download/deepmerge-4.2.2.tgz"
    "version" "4.2.2"
  
  "echarts@^5.2.2":
    "integrity" "sha1-7DyLKhUcu6cbo8LHz5svIEfOQ3A="
    "resolved" "https://registry.npmmirror.com/echarts/download/echarts-5.2.2.tgz"
    "version" "5.2.2"
    dependencies:
      "tslib" "2.3.0"
      "zrender" "5.2.1"
  
  "element-plus@^1.2.0-beta.5":
    "integrity" "sha512-8KNGsNZ6RjVJ7kmxq/WLeTBMhVxSjfaGdW2QdcdXz4km1MgxbyBfdiNGVQG4XH/n+hbtLFldCPw0mVT4vkncuA=="
    "resolved" "https://registry.npmmirror.com/element-plus/download/element-plus-1.2.0-beta.5.tgz"
    "version" "1.2.0-beta.5"
    dependencies:
      "@element-plus/icons" "^0.0.11"
      "@popperjs/core" "^2.10.2"
      "@vueuse/core" "^7.0.0"
      "async-validator" "^4.0.7"
      "dayjs" "^1.10.7"
      "lodash" "^4.17.21"
      "memoize-one" "^6.0.0"
      "normalize-wheel-es" "^1.1.1"
  
  "esbuild-darwin-64@0.13.15":
    "integrity" "sha512-ihOQRGs2yyp7t5bArCwnvn2Atr6X4axqPpEdCFPVp7iUj4cVSdisgvEKdNR7yH3JDjW6aQDw40iQFoTqejqxvQ=="
    "resolved" "https://registry.npmmirror.com/esbuild-darwin-64/download/esbuild-darwin-64-0.13.15.tgz"
    "version" "0.13.15"
  
  "esbuild@^0.13.12":
    "integrity" "sha512-raCxt02HBKv8RJxE8vkTSCXGIyKHdEdGfUmiYb8wnabnaEmHzyW7DCHb5tEN0xU8ryqg5xw54mcwnYkC4x3AIw=="
    "resolved" "https://registry.npmmirror.com/esbuild/download/esbuild-0.13.15.tgz"
    "version" "0.13.15"
    optionalDependencies:
      "esbuild-android-arm64" "0.13.15"
      "esbuild-darwin-64" "0.13.15"
      "esbuild-darwin-arm64" "0.13.15"
      "esbuild-freebsd-64" "0.13.15"
      "esbuild-freebsd-arm64" "0.13.15"
      "esbuild-linux-32" "0.13.15"
      "esbuild-linux-64" "0.13.15"
      "esbuild-linux-arm" "0.13.15"
      "esbuild-linux-arm64" "0.13.15"
      "esbuild-linux-mips64le" "0.13.15"
      "esbuild-linux-ppc64le" "0.13.15"
      "esbuild-netbsd-64" "0.13.15"
      "esbuild-openbsd-64" "0.13.15"
      "esbuild-sunos-64" "0.13.15"
      "esbuild-windows-32" "0.13.15"
      "esbuild-windows-64" "0.13.15"
      "esbuild-windows-arm64" "0.13.15"
  
  "estree-walker@^2.0.2":
    "integrity" "sha1-UvAQF4wqTBF6d1fP6UKtt9LaTKw="
    "resolved" "https://registry.npm.taobao.org/estree-walker/download/estree-walker-2.0.2.tgz?cache=0&sync_timestamp=1611956983677&other_urls=https%3A%2F%2Fregistry.npm.taobao.org%2Festree-walker%2Fdownload%2Festree-walker-2.0.2.tgz"
    "version" "2.0.2"
  
  "fill-range@^7.0.1":
    "integrity" "sha1-GRmmp8df44ssfHflGYU12prN2kA="
    "resolved" "https://registry.npm.taobao.org/fill-range/download/fill-range-7.0.1.tgz"
    "version" "7.0.1"
    dependencies:
      "to-regex-range" "^5.0.1"
  
  "flatted@^3.0.5":
    "integrity" "sha512-8/sOawo8tJ4QOBX8YlQBMxL8+RLZfxMQOif9o0KUKTNTjMYElWPE0r/m5VNFxTRd0NSw8qSy8dajrwX4RYI1Hw=="
    "resolved" "https://registry.npmmirror.com/flatted/download/flatted-3.2.4.tgz?cache=0&sync_timestamp=1636473847692&other_urls=https%3A%2F%2Fregistry.npmmirror.com%2Fflatted%2Fdownload%2Fflatted-3.2.4.tgz"
    "version" "3.2.4"
  
  "follow-redirects@^1.14.7":
    "integrity" "sha512-+hbxoLbFMbRKDwohX8GkTataGqO6Jb7jGwpAlwgy2bIz25XtRm7KEzJM76R1WiNT5SwZkX4Y75SwBolkpmE7iQ=="
    "resolved" "https://registry.npmjs.org/follow-redirects/-/follow-redirects-1.14.7.tgz"
    "version" "1.14.7"
  
  "fsevents@~2.3.2":
    "integrity" "sha1-ilJveLj99GI7cJ4Ll1xSwkwC/Ro="
    "resolved" "https://registry.npmmirror.com/fsevents/download/fsevents-2.3.2.tgz"
    "version" "2.3.2"
  
  "function-bind@^1.1.1":
    "integrity" "sha1-pWiZ0+o8m6uHS7l3O3xe3pL0iV0="
    "resolved" "https://registry.npm.taobao.org/function-bind/download/function-bind-1.1.1.tgz"
    "version" "1.1.1"
  
  "glob-parent@~5.1.2":
    "integrity" "sha1-hpgyxYA0/mikCTwX3BXoNA2EAcQ="
    "resolved" "https://registry.npmmirror.com/glob-parent/download/glob-parent-5.1.2.tgz?cache=0&sync_timestamp=1632954501757&other_urls=https%3A%2F%2Fregistry.npmmirror.com%2Fglob-parent%2Fdownload%2Fglob-parent-5.1.2.tgz"
    "version" "5.1.2"
    dependencies:
      "is-glob" "^4.0.1"
  
  "has@^1.0.3":
    "integrity" "sha1-ci18v8H2qoJB8W3YFOAR4fQeh5Y="
    "resolved" "https://registry.npm.taobao.org/has/download/has-1.0.3.tgz"
    "version" "1.0.3"
    dependencies:
      "function-bind" "^1.1.1"
  
  "immutable@^4.0.0":
    "integrity" "sha1-uG943mre82CDle+yaakUYnl+LCM="
    "resolved" "https://registry.npmmirror.com/immutable/download/immutable-4.0.0.tgz?cache=0&sync_timestamp=1633650938783&other_urls=https%3A%2F%2Fregistry.npmmirror.com%2Fimmutable%2Fdownload%2Fimmutable-4.0.0.tgz"
    "version" "4.0.0"
  
  "is-binary-path@~2.1.0":
    "integrity" "sha1-6h9/O4DwZCNug0cPhsCcJU+0Wwk="
    "resolved" "https://registry.npm.taobao.org/is-binary-path/download/is-binary-path-2.1.0.tgz"
    "version" "2.1.0"
    dependencies:
      "binary-extensions" "^2.0.0"
  
  "is-core-module@^2.2.0":
    "integrity" "sha1-AyEzbD0JJeSX/Zf12VyxFKXM1Ug="
    "resolved" "https://registry.npmmirror.com/is-core-module/download/is-core-module-2.8.0.tgz?cache=0&other_urls=https%3A%2F%2Fregistry.npmmirror.com%2Fis-core-module%2Fdownload%2Fis-core-module-2.8.0.tgz"
    "version" "2.8.0"
    dependencies:
      "has" "^1.0.3"
  
  "is-extglob@^2.1.1":
    "integrity" "sha1-qIwCU1eR8C7TfHahueqXc8gz+MI="
    "resolved" "https://registry.npm.taobao.org/is-extglob/download/is-extglob-2.1.1.tgz"
    "version" "2.1.1"
  
  "is-glob@^4.0.1", "is-glob@~4.0.1":
    "integrity" "sha1-ZPYeQsu7LuwgcanawLKLoeZdUIQ="
    "resolved" "https://registry.npmmirror.com/is-glob/download/is-glob-4.0.3.tgz?cache=0&sync_timestamp=1632934586547&other_urls=https%3A%2F%2Fregistry.npmmirror.com%2Fis-glob%2Fdownload%2Fis-glob-4.0.3.tgz"
    "version" "4.0.3"
    dependencies:
      "is-extglob" "^2.1.1"
  
  "is-number@^7.0.0":
    "integrity" "sha1-dTU0W4lnNNX4DE0GxQlVUnoU8Ss="
    "resolved" "https://registry.npm.taobao.org/is-number/download/is-number-7.0.0.tgz"
    "version" "7.0.0"
  
  "lodash@^4.17.21":
    "integrity" "sha1-Z5WRxWTDv/quhFTPCz3zcMPWkRw="
    "resolved" "https://registry.nlark.com/lodash/download/lodash-4.17.21.tgz"
    "version" "4.17.21"
  
  "magic-string@^0.25.7":
    "integrity" "sha1-P0l9b9NMZpxnmNy4IfLvMfVEUFE="
    "resolved" "https://registry.nlark.com/magic-string/download/magic-string-0.25.7.tgz?cache=0&sync_timestamp=1618847046304&other_urls=https%3A%2F%2Fregistry.nlark.com%2Fmagic-string%2Fdownload%2Fmagic-string-0.25.7.tgz"
    "version" "0.25.7"
    dependencies:
      "sourcemap-codec" "^1.4.4"
  
  "memoize-one@^6.0.0":
    "integrity" "sha1-slkbhx7YKUiu5HJ9xqvO7qyMEEU="
    "resolved" "https://registry.npmmirror.com/memoize-one/download/memoize-one-6.0.0.tgz?cache=0&sync_timestamp=1634697208428&other_urls=https%3A%2F%2Fregistry.npmmirror.com%2Fmemoize-one%2Fdownload%2Fmemoize-one-6.0.0.tgz"
    "version" "6.0.0"
  
  "moment@^2.29.1":
    "integrity" "sha1-sr52n6MZQL6e7qZGnAdeNQBvo9M="
    "resolved" "https://registry.npm.taobao.org/moment/download/moment-2.29.1.tgz"
    "version" "2.29.1"
  
  "nanoid@^3.1.30":
    "integrity" "sha1-Y/k8xUjSoRPcXfvGO/oJ4rm2Q2I="
    "resolved" "https://registry.npmmirror.com/nanoid/download/nanoid-3.1.30.tgz?cache=0&sync_timestamp=1634166192601&other_urls=https%3A%2F%2Fregistry.npmmirror.com%2Fnanoid%2Fdownload%2Fnanoid-3.1.30.tgz"
    "version" "3.1.30"
  
  "normalize-path@^3.0.0", "normalize-path@~3.0.0":
    "integrity" "sha1-Dc1p/yOhybEf0JeDFmRKA4ghamU="
    "resolved" "https://registry.npm.taobao.org/normalize-path/download/normalize-path-3.0.0.tgz"
    "version" "3.0.0"
  
  "normalize-wheel-es@^1.1.1":
    "integrity" "sha1-qAlttqVvlDMtiE/Y6+2ojy/HlWk="
    "resolved" "https://registry.npmmirror.com/normalize-wheel-es/download/normalize-wheel-es-1.1.1.tgz"
    "version" "1.1.1"
  
  "path-parse@^1.0.6":
    "integrity" "sha1-+8EUtgykKzDZ2vWFjkvWi77bZzU="
    "resolved" "https://registry.nlark.com/path-parse/download/path-parse-1.0.7.tgz"
    "version" "1.0.7"
  
  "picocolors@^1.0.0":
    "integrity" "sha1-y1vcdP8/UYkiNur3nWi8RFZKuBw="
    "resolved" "https://registry.npmmirror.com/picocolors/download/picocolors-1.0.0.tgz?cache=0&sync_timestamp=1634093442271&other_urls=https%3A%2F%2Fregistry.npmmirror.com%2Fpicocolors%2Fdownload%2Fpicocolors-1.0.0.tgz"
    "version" "1.0.0"
  
  "picomatch@^2.0.4", "picomatch@^2.2.1":
    "integrity" "sha1-8fBh3o9qS/AiiS4tEoI0+5gwKXI="
    "resolved" "https://registry.nlark.com/picomatch/download/picomatch-2.3.0.tgz?cache=0&sync_timestamp=1621648246651&other_urls=https%3A%2F%2Fregistry.nlark.com%2Fpicomatch%2Fdownload%2Fpicomatch-2.3.0.tgz"
    "version" "2.3.0"
  
  "postcss@^8.1.10", "postcss@^8.3.11":
    "integrity" "sha512-joU6fBsN6EIer28Lj6GDFoC/5yOZzLCfn0zHAn/MYXI7aPt4m4hK5KC5ovEZXy+lnCjmYIbQWngvju2ddyEr8Q=="
    "resolved" "https://registry.npmmirror.com/postcss/download/postcss-8.4.4.tgz"
    "version" "8.4.4"
    dependencies:
      "nanoid" "^3.1.30"
      "picocolors" "^1.0.0"
      "source-map-js" "^1.0.1"
  
  "readdirp@~3.6.0":
    "integrity" "sha1-dKNwvYVxFuJFspzJc0DNQxoCpsc="
    "resolved" "https://registry.nlark.com/readdirp/download/readdirp-3.6.0.tgz"
    "version" "3.6.0"
    dependencies:
      "picomatch" "^2.2.1"
  
  "resolve@^1.20.0":
    "integrity" "sha1-YpoBP7P3B1XW8LeTXMHCxTeLGXU="
    "resolved" "https://registry.nlark.com/resolve/download/resolve-1.20.0.tgz"
    "version" "1.20.0"
    dependencies:
      "is-core-module" "^2.2.0"
      "path-parse" "^1.0.6"
  
  "rollup@^2.59.0":
    "integrity" "sha512-1Bgjpq61sPjgoZzuiDSGvbI1tD91giZABgjCQBKM5aYLnzjq52GoDuWVwT/cm/MCxCMPU8gqQvkj8doQ5C8Oqw=="
    "resolved" "https://registry.npmmirror.com/rollup/download/rollup-2.60.2.tgz"
    "version" "2.60.2"
    optionalDependencies:
      "fsevents" "~2.3.2"
  
  "sass@^1.44.0":
    "integrity" "sha512-0hLREbHFXGQqls/K8X+koeP+ogFRPF4ZqetVB19b7Cst9Er8cOR0rc6RU7MaI4W1JmUShd1BPgPoeqmmgMMYFw=="
    "resolved" "https://registry.npmmirror.com/sass/download/sass-1.44.0.tgz"
    "version" "1.44.0"
    dependencies:
      "chokidar" ">=3.0.0 <4.0.0"
      "immutable" "^4.0.0"
  
  "source-map-js@^1.0.1":
    "integrity" "sha512-4+TN2b3tqOCd/kaGRJ/sTYA0tR0mdXx26ipdolxcwtJVqEnqNYvlCAt1q3ypy4QMlYus+Zh34RNtYLoq2oQ4IA=="
    "resolved" "https://registry.npmmirror.com/source-map-js/download/source-map-js-1.0.1.tgz?cache=0&sync_timestamp=1636400772640&other_urls=https%3A%2F%2Fregistry.npmmirror.com%2Fsource-map-js%2Fdownload%2Fsource-map-js-1.0.1.tgz"
    "version" "1.0.1"
  
  "source-map@^0.6.1":
    "integrity" "sha1-dHIq8y6WFOnCh6jQu95IteLxomM="
    "resolved" "https://registry.npm.taobao.org/source-map/download/source-map-0.6.1.tgz?cache=0&sync_timestamp=1589682764497&other_urls=https%3A%2F%2Fregistry.npm.taobao.org%2Fsource-map%2Fdownload%2Fsource-map-0.6.1.tgz"
    "version" "0.6.1"
  
  "sourcemap-codec@^1.4.4":
    "integrity" "sha1-6oBL2UhXQC5pktBaOO8a41qatMQ="
    "resolved" "https://registry.nlark.com/sourcemap-codec/download/sourcemap-codec-1.4.8.tgz"
    "version" "1.4.8"
  
  "to-regex-range@^5.0.1":
    "integrity" "sha1-FkjESq58jZiKMmAY7XL1tN0DkuQ="
    "resolved" "https://registry.npm.taobao.org/to-regex-range/download/to-regex-range-5.0.1.tgz"
    "version" "5.0.1"
    dependencies:
      "is-number" "^7.0.0"
  
  "tslib@2.3.0":
    "integrity" "sha1-gDuM2rPhK6WBpMpByIObuw2ssJ4="
    "resolved" "https://registry.nlark.com/tslib/download/tslib-2.3.0.tgz?cache=0&sync_timestamp=1628722556410&other_urls=https%3A%2F%2Fregistry.nlark.com%2Ftslib%2Fdownload%2Ftslib-2.3.0.tgz"
    "version" "2.3.0"
  
  "vite@^2.7.0":
    "integrity" "sha512-ZM629j9n6f1Gcr2KsfpLhJ0FRkift4SsTLSvExmNpGJYzyi1JyLOFybz85ShqFP5f4oCfJSblWAma9X8lZg/vA=="
    "resolved" "https://registry.npmmirror.com/vite/download/vite-2.7.0.tgz"
    "version" "2.7.0"
    dependencies:
      "esbuild" "^0.13.12"
      "postcss" "^8.3.11"
      "resolve" "^1.20.0"
      "rollup" "^2.59.0"
    optionalDependencies:
      "fsevents" "~2.3.2"
  
  "vue-demi@*":
    "integrity" "sha1-9+GO++z/0RqwadFHLXoG4xm0F0w="
    "resolved" "https://registry.npmmirror.com/vue-demi/download/vue-demi-0.12.1.tgz"
    "version" "0.12.1"
  
  "vue-router@^4.0.12":
    "integrity" "sha1-jceSzd9bsavMOQj5BkE23n4TxGA="
    "resolved" "https://registry.npmmirror.com/vue-router/download/vue-router-4.0.12.tgz"
    "version" "4.0.12"
    dependencies:
      "@vue/devtools-api" "^6.0.0-beta.18"
  
  "vue@^3.2.23":
    "integrity" "sha512-PvCklXNfcUMyeP/a9nME27C32IipwUDoS45rDyKn5+RQrWyjL+0JAJtf98HL6y9bfqQRTlYjSowWEB1nXxvG5Q=="
    "resolved" "https://registry.npmmirror.com/vue/download/vue-3.2.24.tgz"
    "version" "3.2.24"
    dependencies:
      "@vue/compiler-dom" "3.2.24"
      "@vue/compiler-sfc" "3.2.24"
      "@vue/runtime-dom" "3.2.24"
      "@vue/server-renderer" "3.2.24"
      "@vue/shared" "3.2.24"
  
  "vuex-persist@^3.1.3":
    "integrity" "sha1-UYxyKiyjAmvO5XMvmdJPdc7g87Y="
    "resolved" "https://registry.npm.taobao.org/vuex-persist/download/vuex-persist-3.1.3.tgz"
    "version" "3.1.3"
    dependencies:
      "deepmerge" "^4.2.2"
      "flatted" "^3.0.5"
  
  "vuex@^4.0.2":
    "integrity" "sha1-+Jbb1b8qDpY/AMZ+m2EN50nMrMk="
    "resolved" "https://registry.nlark.com/vuex/download/vuex-4.0.2.tgz"
    "version" "4.0.2"
    dependencies:
      "@vue/devtools-api" "^6.0.0-beta.11"
  
  "zrender@5.2.1":
    "integrity" "sha1-X0u9qRW6bUErCxncJDG+qtBUF7s="
    "resolved" "https://registry.nlark.com/zrender/download/zrender-5.2.1.tgz"
    "version" "5.2.1"
    dependencies:
      "tslib" "2.3.0"
